[debug] [2019-07-21T15:39:15.334Z] ----------------------------------------------------------------------
[debug] [2019-07-21T15:39:15.335Z] Command:       /home/gorgantx1/.nvm/versions/node/v10.14.2/bin/node /home/gorgantx1/.nvm/versions/node/v10.14.2/bin/firebase deploy
[debug] [2019-07-21T15:39:15.335Z] CLI Version:   7.1.1
[debug] [2019-07-21T15:39:15.335Z] Platform:      linux
[debug] [2019-07-21T15:39:15.335Z] Node Version:  v10.14.2
[debug] [2019-07-21T15:39:15.339Z] Time:          Sun Jul 21 2019 18:39:15 GMT+0300 (GMT+03:00)
[debug] [2019-07-21T15:39:15.339Z] ----------------------------------------------------------------------
[debug] 
[debug] [2019-07-21T15:39:15.343Z] > command requires scopes: ["email","openid","https://www.googleapis.com/auth/cloudplatformprojects.readonly","https://www.googleapis.com/auth/firebase","https://www.googleapis.com/auth/cloud-platform"]
[debug] [2019-07-21T15:39:15.343Z] > authorizing via signed-in user
[debug] [2019-07-21T15:39:15.344Z] [iam] checking project explearning-76d93 for permissions ["cloudfunctions.functions.create","cloudfunctions.functions.delete","cloudfunctions.functions.get","cloudfunctions.functions.list","cloudfunctions.functions.update","cloudfunctions.operations.get","datastore.indexes.create","datastore.indexes.delete","datastore.indexes.list","datastore.indexes.update","firebase.projects.get","firebasehosting.sites.update"]
[debug] [2019-07-21T15:39:15.345Z] >>> HTTP REQUEST POST https://cloudresourcemanager.googleapis.com/v1/projects/explearning-76d93:testIamPermissions  

[debug] [2019-07-21T15:39:17.641Z] <<< HTTP RESPONSE 200
[debug] [2019-07-21T15:39:17.649Z] >>> HTTP REQUEST GET https://firebase.googleapis.com/v1beta1/projects/explearning-76d93  
 
[debug] [2019-07-21T15:39:19.015Z] <<< HTTP RESPONSE 200
[info] 
[info] === Deploying to 'explearning-76d93'...
[info] 
[info] i  deploying firestore, functions, hosting
[info] Running command: npm --prefix "$RESOURCE_DIR" run lint
[info] Running command: npm --prefix "$RESOURCE_DIR" run build
[info] ✔  functions: Finished running predeploy script.
[info] i  firestore: checking firestore.rules for compilation errors...
[info] i  firestore: reading indexes from firestore.indexes.json...
[debug] [2019-07-21T15:39:30.256Z] >>> HTTP REQUEST POST https://firebaserules.googleapis.com/v1/projects/explearning-76d93:test  

[debug] [2019-07-21T15:39:32.546Z] <<< HTTP RESPONSE 200
[info] ✔  firestore: rules file firestore.rules compiled successfully
[debug] [2019-07-21T15:39:32.547Z] > [functions] package.json contents: {
  "name": "functions",
  "scripts": {
    "lint": "tslint --project tsconfig.json",
    "build": "tsc",
    "serve": "npm run build && firebase serve --only functions",
    "shell": "npm run build && firebase functions:shell",
    "start": "npm run shell",
    "deploy": "firebase deploy --only functions",
    "logs": "firebase functions:log"
  },
  "main": "lib/functions/src/index.js",
  "dependencies": {
    "@google-cloud/pubsub": "^0.30.1",
    "express": "^4.17.1",
    "firebase-admin": "^8.2.0",
    "firebase-functions": "^3.1.0",
    "moment": "^2.24.0",
    "node-fetch": "^2.6.0",
    "puppeteer": "^1.18.1",
    "stripe": "^7.4.0"
  },
  "devDependencies": {
    "@types/node": "^12.6.3",
    "@types/node-fetch": "^2.3.7",
    "@types/puppeteer": "^1.12.4",
    "@types/stripe": "^6.31.4",
    "firebase-functions-test": "^0.1.6",
    "tslint": "^5.12.0",
    "typescript": "^3.2.2"
  },
  "private": true,
  "engines": {
    "node": "8"
  }
}
[info] i  functions: ensuring necessary APIs are enabled...
[debug] [2019-07-21T15:39:32.548Z] >>> HTTP REQUEST GET https://serviceusage.googleapis.com/v1/projects/explearning-76d93/services/cloudfunctions.googleapis.com  
 
[debug] [2019-07-21T15:39:32.548Z] >>> HTTP REQUEST GET https://serviceusage.googleapis.com/v1/projects/explearning-76d93/services/runtimeconfig.googleapis.com  
 
[debug] [2019-07-21T15:39:34.714Z] <<< HTTP RESPONSE 200
[debug] [2019-07-21T15:39:34.887Z] <<< HTTP RESPONSE 200
[info] ✔  functions: all necessary APIs are enabled
[debug] [2019-07-21T15:39:34.888Z] >>> HTTP REQUEST GET https://firebase.googleapis.com/v1beta1/projects/explearning-76d93/adminSdkConfig  
 
[debug] [2019-07-21T15:39:35.542Z] <<< HTTP RESPONSE 200
[debug] [2019-07-21T15:39:35.544Z] >>> HTTP REQUEST POST https://firebasehosting.googleapis.com/v1beta1/sites/explearning-76d93/versions  

[debug] [2019-07-21T15:39:38.319Z] <<< HTTP RESPONSE 200
[info] i  firestore: uploading rules firestore.rules...
[debug] [2019-07-21T15:39:38.321Z] >>> HTTP REQUEST POST https://firebaserules.googleapis.com/v1/projects/explearning-76d93/rulesets  

[debug] [2019-07-21T15:39:38.322Z] >>> HTTP REQUEST GET https://firestore.googleapis.com/v1beta2/projects/explearning-76d93/databases/(default)/collectionGroups/-/indexes  
 
[debug] [2019-07-21T15:39:40.091Z] <<< HTTP RESPONSE 200
[debug] [2019-07-21T15:39:40.091Z] [rules] created ruleset projects/explearning-76d93/rulesets/eb76e4db-29ab-4f61-ac9e-457f7d0bee25
[debug] [2019-07-21T15:39:40.257Z] <<< HTTP RESPONSE 200
[debug] [2019-07-21T15:39:40.257Z] >>> HTTP REQUEST GET https://firestore.googleapis.com/v1beta2/projects/explearning-76d93/databases/(default)/collectionGroups/-/fields?filter=indexConfig.usesAncestorConfig=false  
 
[debug] [2019-07-21T15:39:41.815Z] <<< HTTP RESPONSE 200
[info] ✔  firestore: deployed indexes in firestore.indexes.json successfully
[info] i  functions: preparing functions directory for uploading...
[debug] [2019-07-21T15:39:41.822Z] >>> HTTP REQUEST GET https://runtimeconfig.googleapis.com/v1beta1/projects/explearning-76d93/configs  
 
[debug] [2019-07-21T15:39:43.374Z] <<< HTTP RESPONSE 200
[debug] [2019-07-21T15:39:43.375Z] >>> HTTP REQUEST GET https://runtimeconfig.googleapis.com/v1beta1/projects/explearning-76d93/configs/cloud/variables  
 
[debug] [2019-07-21T15:39:43.375Z] >>> HTTP REQUEST GET https://runtimeconfig.googleapis.com/v1beta1/projects/explearning-76d93/configs/environment/variables  
 
[debug] [2019-07-21T15:39:43.377Z] >>> HTTP REQUEST GET https://runtimeconfig.googleapis.com/v1beta1/projects/explearning-76d93/configs/stripe/variables  
 
[debug] [2019-07-21T15:39:45.489Z] <<< HTTP RESPONSE 200
[debug] [2019-07-21T15:39:45.559Z] <<< HTTP RESPONSE 200
[debug] [2019-07-21T15:39:45.560Z] >>> HTTP REQUEST GET https://runtimeconfig.googleapis.com/v1beta1/projects/explearning-76d93/configs/stripe/variables/secret  
 
[debug] [2019-07-21T15:39:45.752Z] <<< HTTP RESPONSE 200
[debug] [2019-07-21T15:39:45.753Z] >>> HTTP REQUEST GET https://runtimeconfig.googleapis.com/v1beta1/projects/explearning-76d93/configs/environment/variables/type  
 
[debug] [2019-07-21T15:39:46.561Z] <<< HTTP RESPONSE 200
[debug] [2019-07-21T15:39:47.824Z] <<< HTTP RESPONSE 200
[info] i  functions: packaged functions (136.11 KB) for uploading
[debug] [2019-07-21T15:39:48.607Z] >>> HTTP REQUEST POST https://cloudfunctions.googleapis.com/v1/projects/explearning-76d93/locations/us-central1/functions:generateUploadUrl  
 
[debug] [2019-07-21T15:39:50.047Z] <<< HTTP RESPONSE 200
[debug] [2019-07-21T15:39:50.049Z] >>> HTTP REQUEST PUT https://storage.googleapis.com/gcf-upload-us-central1-35047c8b-75c6-47d2-8b4a-f945d2fd5a63/bebaf275-933c-4c26-9e3f-05f76c7fe335.zip?GoogleAccessId=service-924141189564@gcf-admin-robot.iam.gserviceaccount.com&Expires=1563725389&Signature=lm%2FCCMGwQYWhR4VgjquDPkGDRVU%2FPgbGN4HFHp2rmZ5J02IFw8XY1U6z%2FBecOqCO9hlkhHZh41xSGd95cx4EG06buoKhkdLf0ZiknNyauDp54ndsRIbnUjOPdNyfEZ7VhYDPKXcNwhPuFBmQX1vZinmb7kxVtSo42e%2BpXH6bFrMVQBOMmV2XoPJD8rKOoaQx3IURYCh1HHF05nV1aqqzx7M2rkA%2BVOrSrsWy9TB73oj3yo5y%2FW0BeFqK4BCinRPsDU1biNVOJODNp%2FJ0vn4SAWUQU4iZPs0VSvWPhpSNmd8Z5ISCR12TxMhfwALbB6fVZPodhTsimCcPktvSG30bBQ%3D%3D  
 <request body omitted>
[debug] [2019-07-21T15:39:51.808Z] <<< HTTP RESPONSE 200
[info] ✔  functions: functions folder uploaded successfully
[info] i  hosting[explearning-76d93]: beginning deploy...
[info] i  hosting[explearning-76d93]: found 62 files in dist/explearning
[debug] [2019-07-21T15:39:51.857Z] [hosting] hash cache [ZGlzdC9leHBsZWFybmluZw] load error: lines is not defined
[debug] [2019-07-21T15:39:52.028Z] [hosting] hash cache [ZGlzdC9leHBsZWFybmluZw] stored for 62 files
[debug] [2019-07-21T15:39:52.028Z] [hosting][hash queue][FINAL]
[debug] [2019-07-21T15:39:52.028Z] >>> HTTP REQUEST POST https://firebasehosting.googleapis.com/v1beta1/sites/explearning-76d93/versions/17767a6794a7ed07:populateFiles  
 <request body omitted>
[debug] [2019-07-21T15:39:55.315Z] <<< HTTP RESPONSE 200
[debug] [2019-07-21T15:39:55.345Z] [hosting][populate queue][FINAL]
[debug] [2019-07-21T15:39:55.345Z] [hosting] uploads queued: 19
[debug] [2019-07-21T15:40:02.276Z] [hosting][upload queue][FINAL]
[info] ✔  hosting[explearning-76d93]: file upload complete
[debug] [2019-07-21T15:40:02.278Z] [hosting] deploy completed after 10468ms
[debug] [2019-07-21T15:40:02.280Z] [rules] releasing cloud.firestore with ruleset projects/explearning-76d93/rulesets/eb76e4db-29ab-4f61-ac9e-457f7d0bee25
[debug] [2019-07-21T15:40:02.282Z] >>> HTTP REQUEST PATCH https://firebaserules.googleapis.com/v1/projects/explearning-76d93/releases/cloud.firestore  

[debug] [2019-07-21T15:40:08.447Z] <<< HTTP RESPONSE 200
[debug] [2019-07-21T15:40:08.448Z] [rules] updated release projects/explearning-76d93/releases/cloud.firestore
[info] ✔  firestore: released rules firestore.rules to cloud.firestore
[debug] [2019-07-21T15:40:08.454Z] >>> HTTP REQUEST GET https://cloudfunctions.googleapis.com/v1/projects/explearning-76d93/locations/-/functions  
 
[debug] [2019-07-21T15:40:09.235Z] <<< HTTP RESPONSE 200
[info] i  functions: updating Node.js 8 function stripeAttachSource(us-central1)...
[debug] [2019-07-21T15:40:09.242Z] Trigger is:  {"httpsTrigger":{}}
[info] i  functions: updating Node.js 8 function stripeProcessCharge(us-central1)...
[debug] [2019-07-21T15:40:09.243Z] Trigger is:  {"httpsTrigger":{}}
[info] i  functions: updating Node.js 8 function transmitOrderToAdmin(us-central1)...
[debug] [2019-07-21T15:40:09.244Z] Trigger is:  {"httpsTrigger":{}}
[info] i  functions: updating Node.js 8 function transmitEmailSubToAdmin(us-central1)...
[debug] [2019-07-21T15:40:09.245Z] Trigger is:  {"httpsTrigger":{}}
[info] i  functions: updating Node.js 8 function transmitContactFormToAdmin(us-central1)...
[debug] [2019-07-21T15:40:09.245Z] Trigger is:  {"httpsTrigger":{}}
[info] i  functions: updating Node.js 8 function puppeteerServer(us-central1)...
[debug] [2019-07-21T15:40:09.246Z] Trigger is:  {"httpsTrigger":{}}
[info] i  functions: updating Node.js 8 function transmitWebpageUrlsToPuppeteer(us-central1)...
[debug] [2019-07-21T15:40:09.247Z] Trigger is:  {"httpsTrigger":{}}
[info] i  functions: updating Node.js 8 function updateWebpageCache(us-central1)...
[debug] [2019-07-21T15:40:09.248Z] Trigger is:  {"eventTrigger":{"resource":"projects/explearning-76d93/topics/saveWebpageToCache","eventType":"google.pubsub.topic.publish","service":"pubsub.googleapis.com"}}
[debug] [2019-07-21T15:40:09.250Z] >>> HTTP REQUEST GET https://serviceusage.googleapis.com/v1/projects/explearning-76d93/services/cloudscheduler.googleapis.com  
 
[debug] [2019-07-21T15:40:10.962Z] <<< HTTP RESPONSE 200
[info] ✔  scheduler: all necessary APIs are enabled
[debug] [2019-07-21T15:40:10.971Z] >>> HTTP REQUEST PATCH https://cloudfunctions.googleapis.com/v1/projects/explearning-76d93/locations/us-central1/functions/stripeAttachSource {"updateMask":"sourceUploadUrl,name,labels,runtime,httpsTrigger"} 

[debug] [2019-07-21T15:40:10.975Z] >>> HTTP REQUEST PATCH https://cloudfunctions.googleapis.com/v1/projects/explearning-76d93/locations/us-central1/functions/stripeProcessCharge {"updateMask":"sourceUploadUrl,name,labels,runtime,httpsTrigger"} 

[debug] [2019-07-21T15:40:10.976Z] >>> HTTP REQUEST PATCH https://cloudfunctions.googleapis.com/v1/projects/explearning-76d93/locations/us-central1/functions/transmitOrderToAdmin {"updateMask":"sourceUploadUrl,name,labels,runtime,httpsTrigger"} 

[debug] [2019-07-21T15:40:10.977Z] >>> HTTP REQUEST PATCH https://cloudfunctions.googleapis.com/v1/projects/explearning-76d93/locations/us-central1/functions/transmitEmailSubToAdmin {"updateMask":"sourceUploadUrl,name,labels,runtime,httpsTrigger"} 

[debug] [2019-07-21T15:40:10.978Z] >>> HTTP REQUEST PATCH https://cloudfunctions.googleapis.com/v1/projects/explearning-76d93/locations/us-central1/functions/transmitContactFormToAdmin {"updateMask":"sourceUploadUrl,name,labels,runtime,httpsTrigger"} 

[debug] [2019-07-21T15:40:10.979Z] >>> HTTP REQUEST PATCH https://cloudfunctions.googleapis.com/v1/projects/explearning-76d93/locations/us-central1/functions/puppeteerServer {"updateMask":"sourceUploadUrl,name,labels,runtime,availableMemoryMb,timeout,httpsTrigger"} 

[debug] [2019-07-21T15:40:10.981Z] >>> HTTP REQUEST PATCH https://cloudfunctions.googleapis.com/v1/projects/explearning-76d93/locations/us-central1/functions/transmitWebpageUrlsToPuppeteer {"updateMask":"sourceUploadUrl,name,labels,runtime,httpsTrigger"} 

[debug] [2019-07-21T15:40:10.981Z] >>> HTTP REQUEST PATCH https://cloudfunctions.googleapis.com/v1/projects/explearning-76d93/locations/us-central1/functions/updateWebpageCache {"updateMask":"sourceUploadUrl,name,labels,runtime,availableMemoryMb,timeout,eventTrigger.resource,eventTrigger.eventType,eventTrigger.service"} 

[debug] [2019-07-21T15:40:11.468Z] <<< HTTP RESPONSE 200
[debug] [2019-07-21T15:40:11.472Z] <<< HTTP RESPONSE 200
[debug] [2019-07-21T15:40:11.474Z] <<< HTTP RESPONSE 200
[debug] [2019-07-21T15:40:11.476Z] <<< HTTP RESPONSE 200
[debug] [2019-07-21T15:40:11.478Z] <<< HTTP RESPONSE 200
[debug] [2019-07-21T15:40:11.482Z] <<< HTTP RESPONSE 200
[debug] [2019-07-21T15:40:11.485Z] <<< HTTP RESPONSE 200
[debug] [2019-07-21T15:40:11.565Z] <<< HTTP RESPONSE 200
[debug] [2019-07-21T15:40:11.568Z] >>> HTTP REQUEST GET https://cloudfunctions.googleapis.com/v1/projects/explearning-76d93/locations/-/functions  
 
[debug] [2019-07-21T15:40:12.076Z] <<< HTTP RESPONSE 200
[debug] [2019-07-21T15:40:12.080Z] >>> HTTP REQUEST GET https://cloudfunctions.googleapis.com/v1/operations/ZXhwbGVhcm5pbmctNzZkOTMvdXMtY2VudHJhbDEvc3RyaXBlQXR0YWNoU291cmNlLzZUU2h0RlgtTzRv  
 
[debug] [2019-07-21T15:40:12.081Z] >>> HTTP REQUEST GET https://cloudfunctions.googleapis.com/v1/operations/ZXhwbGVhcm5pbmctNzZkOTMvdXMtY2VudHJhbDEvc3RyaXBlUHJvY2Vzc0NoYXJnZS9BYWtnc2ZqQWdjRQ  
 
[debug] [2019-07-21T15:40:12.082Z] >>> HTTP REQUEST GET https://cloudfunctions.googleapis.com/v1/operations/ZXhwbGVhcm5pbmctNzZkOTMvdXMtY2VudHJhbDEvdHJhbnNtaXRPcmRlclRvQWRtaW4vdVNEWDV6ZnBzY0U  
 
[debug] [2019-07-21T15:40:12.082Z] >>> HTTP REQUEST GET https://cloudfunctions.googleapis.com/v1/operations/ZXhwbGVhcm5pbmctNzZkOTMvdXMtY2VudHJhbDEvdHJhbnNtaXRFbWFpbFN1YlRvQWRtaW4vS0tXck1RTFpuc0E  
 
[debug] [2019-07-21T15:40:12.083Z] >>> HTTP REQUEST GET https://cloudfunctions.googleapis.com/v1/operations/ZXhwbGVhcm5pbmctNzZkOTMvdXMtY2VudHJhbDEvdHJhbnNtaXRDb250YWN0Rm9ybVRvQWRtaW4vWXhDOVdrVzRkX3M  
 
[debug] [2019-07-21T15:40:12.083Z] >>> HTTP REQUEST GET https://cloudfunctions.googleapis.com/v1/operations/ZXhwbGVhcm5pbmctNzZkOTMvdXMtY2VudHJhbDEvcHVwcGV0ZWVyU2VydmVyL1YzZ1FLUF9zMkZ3  
 
[debug] [2019-07-21T15:40:12.084Z] >>> HTTP REQUEST GET https://cloudfunctions.googleapis.com/v1/operations/ZXhwbGVhcm5pbmctNzZkOTMvdXMtY2VudHJhbDEvdHJhbnNtaXRXZWJwYWdlVXJsc1RvUHVwcGV0ZWVyL2p0c3g1Ni1PQU5n  
 
[debug] [2019-07-21T15:40:12.084Z] >>> HTTP REQUEST GET https://cloudfunctions.googleapis.com/v1/operations/ZXhwbGVhcm5pbmctNzZkOTMvdXMtY2VudHJhbDEvdXBkYXRlV2VicGFnZUNhY2hlLy1TVVVTQjhHMXE4  
 
[debug] [2019-07-21T15:40:12.379Z] <<< HTTP RESPONSE 200
[debug] [2019-07-21T15:40:12.396Z] <<< HTTP RESPONSE 200
[debug] [2019-07-21T15:40:12.397Z] <<< HTTP RESPONSE 200
[debug] [2019-07-21T15:40:12.411Z] <<< HTTP RESPONSE 200
[debug] [2019-07-21T15:40:12.418Z] <<< HTTP RESPONSE 200
[debug] [2019-07-21T15:40:12.421Z] <<< HTTP RESPONSE 200
[debug] [2019-07-21T15:40:12.433Z] <<< HTTP RESPONSE 200
[debug] [2019-07-21T15:40:12.434Z] <<< HTTP RESPONSE 200
[debug] [2019-07-21T15:40:14.382Z] >>> HTTP REQUEST GET https://cloudfunctions.googleapis.com/v1/operations/ZXhwbGVhcm5pbmctNzZkOTMvdXMtY2VudHJhbDEvdHJhbnNtaXRPcmRlclRvQWRtaW4vdVNEWDV6ZnBzY0U  
 
[debug] [2019-07-21T15:40:14.398Z] >>> HTTP REQUEST GET https://cloudfunctions.googleapis.com/v1/operations/ZXhwbGVhcm5pbmctNzZkOTMvdXMtY2VudHJhbDEvdHJhbnNtaXRFbWFpbFN1YlRvQWRtaW4vS0tXck1RTFpuc0E  
 
[debug] [2019-07-21T15:40:14.402Z] >>> HTTP REQUEST GET https://cloudfunctions.googleapis.com/v1/operations/ZXhwbGVhcm5pbmctNzZkOTMvdXMtY2VudHJhbDEvc3RyaXBlQXR0YWNoU291cmNlLzZUU2h0RlgtTzRv  
 
[debug] [2019-07-21T15:40:14.413Z] >>> HTTP REQUEST GET https://cloudfunctions.googleapis.com/v1/operations/ZXhwbGVhcm5pbmctNzZkOTMvdXMtY2VudHJhbDEvc3RyaXBlUHJvY2Vzc0NoYXJnZS9BYWtnc2ZqQWdjRQ  
 
[debug] [2019-07-21T15:40:14.420Z] >>> HTTP REQUEST GET https://cloudfunctions.googleapis.com/v1/operations/ZXhwbGVhcm5pbmctNzZkOTMvdXMtY2VudHJhbDEvcHVwcGV0ZWVyU2VydmVyL1YzZ1FLUF9zMkZ3  
 
[debug] [2019-07-21T15:40:14.422Z] >>> HTTP REQUEST GET https://cloudfunctions.googleapis.com/v1/operations/ZXhwbGVhcm5pbmctNzZkOTMvdXMtY2VudHJhbDEvdHJhbnNtaXRXZWJwYWdlVXJsc1RvUHVwcGV0ZWVyL2p0c3g1Ni1PQU5n  
 
[debug] [2019-07-21T15:40:14.433Z] >>> HTTP REQUEST GET https://cloudfunctions.googleapis.com/v1/operations/ZXhwbGVhcm5pbmctNzZkOTMvdXMtY2VudHJhbDEvdXBkYXRlV2VicGFnZUNhY2hlLy1TVVVTQjhHMXE4  
 
[debug] [2019-07-21T15:40:14.435Z] >>> HTTP REQUEST GET https://cloudfunctions.googleapis.com/v1/operations/ZXhwbGVhcm5pbmctNzZkOTMvdXMtY2VudHJhbDEvdHJhbnNtaXRDb250YWN0Rm9ybVRvQWRtaW4vWXhDOVdrVzRkX3M  
 
[debug] [2019-07-21T15:40:15.044Z] <<< HTTP RESPONSE 200
[debug] [2019-07-21T15:40:15.048Z] <<< HTTP RESPONSE 200
[debug] [2019-07-21T15:40:15.057Z] <<< HTTP RESPONSE 200
[debug] [2019-07-21T15:40:15.146Z] <<< HTTP RESPONSE 200
[debug] [2019-07-21T15:40:15.196Z] <<< HTTP RESPONSE 200
[debug] [2019-07-21T15:40:15.197Z] <<< HTTP RESPONSE 200
[debug] [2019-07-21T15:40:15.208Z] <<< HTTP RESPONSE 200
[debug] [2019-07-21T15:40:15.211Z] <<< HTTP RESPONSE 200
[debug] [2019-07-21T15:40:17.048Z] >>> HTTP REQUEST GET https://cloudfunctions.googleapis.com/v1/operations/ZXhwbGVhcm5pbmctNzZkOTMvdXMtY2VudHJhbDEvdHJhbnNtaXRFbWFpbFN1YlRvQWRtaW4vS0tXck1RTFpuc0E  
 
[debug] [2019-07-21T15:40:17.052Z] >>> HTTP REQUEST GET https://cloudfunctions.googleapis.com/v1/operations/ZXhwbGVhcm5pbmctNzZkOTMvdXMtY2VudHJhbDEvc3RyaXBlQXR0YWNoU291cmNlLzZUU2h0RlgtTzRv  
 
[debug] [2019-07-21T15:40:17.059Z] >>> HTTP REQUEST GET https://cloudfunctions.googleapis.com/v1/operations/ZXhwbGVhcm5pbmctNzZkOTMvdXMtY2VudHJhbDEvdHJhbnNtaXRPcmRlclRvQWRtaW4vdVNEWDV6ZnBzY0U  
 
[debug] [2019-07-21T15:40:17.148Z] >>> HTTP REQUEST GET https://cloudfunctions.googleapis.com/v1/operations/ZXhwbGVhcm5pbmctNzZkOTMvdXMtY2VudHJhbDEvc3RyaXBlUHJvY2Vzc0NoYXJnZS9BYWtnc2ZqQWdjRQ  
 
[debug] [2019-07-21T15:40:17.197Z] >>> HTTP REQUEST GET https://cloudfunctions.googleapis.com/v1/operations/ZXhwbGVhcm5pbmctNzZkOTMvdXMtY2VudHJhbDEvcHVwcGV0ZWVyU2VydmVyL1YzZ1FLUF9zMkZ3  
 
[debug] [2019-07-21T15:40:17.201Z] >>> HTTP REQUEST GET https://cloudfunctions.googleapis.com/v1/operations/ZXhwbGVhcm5pbmctNzZkOTMvdXMtY2VudHJhbDEvdHJhbnNtaXRXZWJwYWdlVXJsc1RvUHVwcGV0ZWVyL2p0c3g1Ni1PQU5n  
 
[debug] [2019-07-21T15:40:17.209Z] >>> HTTP REQUEST GET https://cloudfunctions.googleapis.com/v1/operations/ZXhwbGVhcm5pbmctNzZkOTMvdXMtY2VudHJhbDEvdXBkYXRlV2VicGFnZUNhY2hlLy1TVVVTQjhHMXE4  
 
[debug] [2019-07-21T15:40:17.215Z] >>> HTTP REQUEST GET https://cloudfunctions.googleapis.com/v1/operations/ZXhwbGVhcm5pbmctNzZkOTMvdXMtY2VudHJhbDEvdHJhbnNtaXRDb250YWN0Rm9ybVRvQWRtaW4vWXhDOVdrVzRkX3M  
 
[debug] [2019-07-21T15:40:17.759Z] <<< HTTP RESPONSE 200
[debug] [2019-07-21T15:40:17.768Z] <<< HTTP RESPONSE 200
[debug] [2019-07-21T15:40:17.769Z] <<< HTTP RESPONSE 200
[debug] [2019-07-21T15:40:17.780Z] <<< HTTP RESPONSE 200
[debug] [2019-07-21T15:40:17.784Z] <<< HTTP RESPONSE 200
[debug] [2019-07-21T15:40:17.784Z] <<< HTTP RESPONSE 200
[debug] [2019-07-21T15:40:17.804Z] <<< HTTP RESPONSE 200
[debug] [2019-07-21T15:40:17.805Z] <<< HTTP RESPONSE 200
[debug] [2019-07-21T15:40:19.763Z] >>> HTTP REQUEST GET https://cloudfunctions.googleapis.com/v1/operations/ZXhwbGVhcm5pbmctNzZkOTMvdXMtY2VudHJhbDEvdHJhbnNtaXRFbWFpbFN1YlRvQWRtaW4vS0tXck1RTFpuc0E  
 
[debug] [2019-07-21T15:40:19.769Z] >>> HTTP REQUEST GET https://cloudfunctions.googleapis.com/v1/operations/ZXhwbGVhcm5pbmctNzZkOTMvdXMtY2VudHJhbDEvc3RyaXBlUHJvY2Vzc0NoYXJnZS9BYWtnc2ZqQWdjRQ  
 
[debug] [2019-07-21T15:40:19.773Z] >>> HTTP REQUEST GET https://cloudfunctions.googleapis.com/v1/operations/ZXhwbGVhcm5pbmctNzZkOTMvdXMtY2VudHJhbDEvdHJhbnNtaXRPcmRlclRvQWRtaW4vdVNEWDV6ZnBzY0U  
 
[debug] [2019-07-21T15:40:19.780Z] >>> HTTP REQUEST GET https://cloudfunctions.googleapis.com/v1/operations/ZXhwbGVhcm5pbmctNzZkOTMvdXMtY2VudHJhbDEvc3RyaXBlQXR0YWNoU291cmNlLzZUU2h0RlgtTzRv  
 
[debug] [2019-07-21T15:40:19.785Z] >>> HTTP REQUEST GET https://cloudfunctions.googleapis.com/v1/operations/ZXhwbGVhcm5pbmctNzZkOTMvdXMtY2VudHJhbDEvcHVwcGV0ZWVyU2VydmVyL1YzZ1FLUF9zMkZ3  
 
[debug] [2019-07-21T15:40:19.788Z] >>> HTTP REQUEST GET https://cloudfunctions.googleapis.com/v1/operations/ZXhwbGVhcm5pbmctNzZkOTMvdXMtY2VudHJhbDEvdHJhbnNtaXRXZWJwYWdlVXJsc1RvUHVwcGV0ZWVyL2p0c3g1Ni1PQU5n  
 
[debug] [2019-07-21T15:40:19.804Z] >>> HTTP REQUEST GET https://cloudfunctions.googleapis.com/v1/operations/ZXhwbGVhcm5pbmctNzZkOTMvdXMtY2VudHJhbDEvdHJhbnNtaXRDb250YWN0Rm9ybVRvQWRtaW4vWXhDOVdrVzRkX3M  
 
[debug] [2019-07-21T15:40:19.809Z] >>> HTTP REQUEST GET https://cloudfunctions.googleapis.com/v1/operations/ZXhwbGVhcm5pbmctNzZkOTMvdXMtY2VudHJhbDEvdXBkYXRlV2VicGFnZUNhY2hlLy1TVVVTQjhHMXE4  
 
[debug] [2019-07-21T15:40:20.586Z] <<< HTTP RESPONSE 200
[debug] [2019-07-21T15:40:20.594Z] <<< HTTP RESPONSE 200
[debug] [2019-07-21T15:40:20.596Z] <<< HTTP RESPONSE 200
[debug] [2019-07-21T15:40:20.600Z] <<< HTTP RESPONSE 200
[debug] [2019-07-21T15:40:20.605Z] <<< HTTP RESPONSE 200
[debug] [2019-07-21T15:40:20.610Z] <<< HTTP RESPONSE 200
[debug] [2019-07-21T15:40:20.614Z] <<< HTTP RESPONSE 200
[debug] [2019-07-21T15:40:20.622Z] <<< HTTP RESPONSE 200
[debug] [2019-07-21T15:40:22.589Z] >>> HTTP REQUEST GET https://cloudfunctions.googleapis.com/v1/operations/ZXhwbGVhcm5pbmctNzZkOTMvdXMtY2VudHJhbDEvdHJhbnNtaXRDb250YWN0Rm9ybVRvQWRtaW4vWXhDOVdrVzRkX3M  
 
[debug] [2019-07-21T15:40:22.595Z] >>> HTTP REQUEST GET https://cloudfunctions.googleapis.com/v1/operations/ZXhwbGVhcm5pbmctNzZkOTMvdXMtY2VudHJhbDEvdHJhbnNtaXRXZWJwYWdlVXJsc1RvUHVwcGV0ZWVyL2p0c3g1Ni1PQU5n  
 
[debug] [2019-07-21T15:40:22.598Z] >>> HTTP REQUEST GET https://cloudfunctions.googleapis.com/v1/operations/ZXhwbGVhcm5pbmctNzZkOTMvdXMtY2VudHJhbDEvdHJhbnNtaXRPcmRlclRvQWRtaW4vdVNEWDV6ZnBzY0U  
 
[debug] [2019-07-21T15:40:22.602Z] >>> HTTP REQUEST GET https://cloudfunctions.googleapis.com/v1/operations/ZXhwbGVhcm5pbmctNzZkOTMvdXMtY2VudHJhbDEvc3RyaXBlUHJvY2Vzc0NoYXJnZS9BYWtnc2ZqQWdjRQ  
 
[debug] [2019-07-21T15:40:22.607Z] >>> HTTP REQUEST GET https://cloudfunctions.googleapis.com/v1/operations/ZXhwbGVhcm5pbmctNzZkOTMvdXMtY2VudHJhbDEvc3RyaXBlQXR0YWNoU291cmNlLzZUU2h0RlgtTzRv  
 
[debug] [2019-07-21T15:40:22.613Z] >>> HTTP REQUEST GET https://cloudfunctions.googleapis.com/v1/operations/ZXhwbGVhcm5pbmctNzZkOTMvdXMtY2VudHJhbDEvdHJhbnNtaXRFbWFpbFN1YlRvQWRtaW4vS0tXck1RTFpuc0E  
 
[debug] [2019-07-21T15:40:22.617Z] >>> HTTP REQUEST GET https://cloudfunctions.googleapis.com/v1/operations/ZXhwbGVhcm5pbmctNzZkOTMvdXMtY2VudHJhbDEvcHVwcGV0ZWVyU2VydmVyL1YzZ1FLUF9zMkZ3  
 
[debug] [2019-07-21T15:40:22.623Z] >>> HTTP REQUEST GET https://cloudfunctions.googleapis.com/v1/operations/ZXhwbGVhcm5pbmctNzZkOTMvdXMtY2VudHJhbDEvdXBkYXRlV2VicGFnZUNhY2hlLy1TVVVTQjhHMXE4  
 
[debug] [2019-07-21T15:40:22.846Z] <<< HTTP RESPONSE 200
[debug] [2019-07-21T15:40:22.850Z] <<< HTTP RESPONSE 200
[debug] [2019-07-21T15:40:22.852Z] <<< HTTP RESPONSE 200
[debug] [2019-07-21T15:40:22.859Z] <<< HTTP RESPONSE 200
[debug] [2019-07-21T15:40:22.863Z] <<< HTTP RESPONSE 200
[debug] [2019-07-21T15:40:22.865Z] <<< HTTP RESPONSE 200
[debug] [2019-07-21T15:40:22.874Z] <<< HTTP RESPONSE 200
[debug] [2019-07-21T15:40:22.902Z] <<< HTTP RESPONSE 200
[debug] [2019-07-21T15:40:24.849Z] >>> HTTP REQUEST GET https://cloudfunctions.googleapis.com/v1/operations/ZXhwbGVhcm5pbmctNzZkOTMvdXMtY2VudHJhbDEvdHJhbnNtaXRPcmRlclRvQWRtaW4vdVNEWDV6ZnBzY0U  
 
[debug] [2019-07-21T15:40:24.853Z] >>> HTTP REQUEST GET https://cloudfunctions.googleapis.com/v1/operations/ZXhwbGVhcm5pbmctNzZkOTMvdXMtY2VudHJhbDEvc3RyaXBlUHJvY2Vzc0NoYXJnZS9BYWtnc2ZqQWdjRQ  
 
[debug] [2019-07-21T15:40:24.854Z] >>> HTTP REQUEST GET https://cloudfunctions.googleapis.com/v1/operations/ZXhwbGVhcm5pbmctNzZkOTMvdXMtY2VudHJhbDEvdHJhbnNtaXRXZWJwYWdlVXJsc1RvUHVwcGV0ZWVyL2p0c3g1Ni1PQU5n  
 
[debug] [2019-07-21T15:40:24.859Z] >>> HTTP REQUEST GET https://cloudfunctions.googleapis.com/v1/operations/ZXhwbGVhcm5pbmctNzZkOTMvdXMtY2VudHJhbDEvc3RyaXBlQXR0YWNoU291cmNlLzZUU2h0RlgtTzRv  
 
[debug] [2019-07-21T15:40:24.863Z] >>> HTTP REQUEST GET https://cloudfunctions.googleapis.com/v1/operations/ZXhwbGVhcm5pbmctNzZkOTMvdXMtY2VudHJhbDEvcHVwcGV0ZWVyU2VydmVyL1YzZ1FLUF9zMkZ3  
 
[debug] [2019-07-21T15:40:24.867Z] >>> HTTP REQUEST GET https://cloudfunctions.googleapis.com/v1/operations/ZXhwbGVhcm5pbmctNzZkOTMvdXMtY2VudHJhbDEvdHJhbnNtaXRDb250YWN0Rm9ybVRvQWRtaW4vWXhDOVdrVzRkX3M  
 
[debug] [2019-07-21T15:40:24.875Z] >>> HTTP REQUEST GET https://cloudfunctions.googleapis.com/v1/operations/ZXhwbGVhcm5pbmctNzZkOTMvdXMtY2VudHJhbDEvdHJhbnNtaXRFbWFpbFN1YlRvQWRtaW4vS0tXck1RTFpuc0E  
 
[debug] [2019-07-21T15:40:24.902Z] >>> HTTP REQUEST GET https://cloudfunctions.googleapis.com/v1/operations/ZXhwbGVhcm5pbmctNzZkOTMvdXMtY2VudHJhbDEvdXBkYXRlV2VicGFnZUNhY2hlLy1TVVVTQjhHMXE4  
 
[debug] [2019-07-21T15:40:25.086Z] <<< HTTP RESPONSE 200
[debug] [2019-07-21T15:40:25.090Z] <<< HTTP RESPONSE 200
[debug] [2019-07-21T15:40:25.125Z] <<< HTTP RESPONSE 200
[debug] [2019-07-21T15:40:25.133Z] <<< HTTP RESPONSE 200
[debug] [2019-07-21T15:40:25.134Z] <<< HTTP RESPONSE 200
[debug] [2019-07-21T15:40:25.139Z] <<< HTTP RESPONSE 200
[debug] [2019-07-21T15:40:25.142Z] <<< HTTP RESPONSE 200
[debug] [2019-07-21T15:40:25.170Z] <<< HTTP RESPONSE 200
[debug] [2019-07-21T15:40:27.089Z] >>> HTTP REQUEST GET https://cloudfunctions.googleapis.com/v1/operations/ZXhwbGVhcm5pbmctNzZkOTMvdXMtY2VudHJhbDEvdHJhbnNtaXRPcmRlclRvQWRtaW4vdVNEWDV6ZnBzY0U  
 
[debug] [2019-07-21T15:40:27.094Z] >>> HTTP REQUEST GET https://cloudfunctions.googleapis.com/v1/operations/ZXhwbGVhcm5pbmctNzZkOTMvdXMtY2VudHJhbDEvc3RyaXBlUHJvY2Vzc0NoYXJnZS9BYWtnc2ZqQWdjRQ  
 
[debug] [2019-07-21T15:40:27.127Z] >>> HTTP REQUEST GET https://cloudfunctions.googleapis.com/v1/operations/ZXhwbGVhcm5pbmctNzZkOTMvdXMtY2VudHJhbDEvc3RyaXBlQXR0YWNoU291cmNlLzZUU2h0RlgtTzRv  
 
[debug] [2019-07-21T15:40:27.135Z] >>> HTTP REQUEST GET https://cloudfunctions.googleapis.com/v1/operations/ZXhwbGVhcm5pbmctNzZkOTMvdXMtY2VudHJhbDEvdHJhbnNtaXRDb250YWN0Rm9ybVRvQWRtaW4vWXhDOVdrVzRkX3M  
 
[debug] [2019-07-21T15:40:27.142Z] >>> HTTP REQUEST GET https://cloudfunctions.googleapis.com/v1/operations/ZXhwbGVhcm5pbmctNzZkOTMvdXMtY2VudHJhbDEvdHJhbnNtaXRXZWJwYWdlVXJsc1RvUHVwcGV0ZWVyL2p0c3g1Ni1PQU5n  
 
[debug] [2019-07-21T15:40:27.143Z] >>> HTTP REQUEST GET https://cloudfunctions.googleapis.com/v1/operations/ZXhwbGVhcm5pbmctNzZkOTMvdXMtY2VudHJhbDEvdHJhbnNtaXRFbWFpbFN1YlRvQWRtaW4vS0tXck1RTFpuc0E  
 
[debug] [2019-07-21T15:40:27.149Z] >>> HTTP REQUEST GET https://cloudfunctions.googleapis.com/v1/operations/ZXhwbGVhcm5pbmctNzZkOTMvdXMtY2VudHJhbDEvcHVwcGV0ZWVyU2VydmVyL1YzZ1FLUF9zMkZ3  
 
[debug] [2019-07-21T15:40:27.172Z] >>> HTTP REQUEST GET https://cloudfunctions.googleapis.com/v1/operations/ZXhwbGVhcm5pbmctNzZkOTMvdXMtY2VudHJhbDEvdXBkYXRlV2VicGFnZUNhY2hlLy1TVVVTQjhHMXE4  
 
[debug] [2019-07-21T15:40:27.353Z] <<< HTTP RESPONSE 200
[debug] [2019-07-21T15:40:27.366Z] <<< HTTP RESPONSE 200
[debug] [2019-07-21T15:40:27.382Z] <<< HTTP RESPONSE 200
[debug] [2019-07-21T15:40:27.388Z] <<< HTTP RESPONSE 200
[debug] [2019-07-21T15:40:27.407Z] <<< HTTP RESPONSE 200
[debug] [2019-07-21T15:40:27.412Z] <<< HTTP RESPONSE 200
[debug] [2019-07-21T15:40:27.413Z] <<< HTTP RESPONSE 200
[debug] [2019-07-21T15:40:27.413Z] <<< HTTP RESPONSE 200
[debug] [2019-07-21T15:40:29.356Z] >>> HTTP REQUEST GET https://cloudfunctions.googleapis.com/v1/operations/ZXhwbGVhcm5pbmctNzZkOTMvdXMtY2VudHJhbDEvc3RyaXBlUHJvY2Vzc0NoYXJnZS9BYWtnc2ZqQWdjRQ  
 
[debug] [2019-07-21T15:40:29.372Z] >>> HTTP REQUEST GET https://cloudfunctions.googleapis.com/v1/operations/ZXhwbGVhcm5pbmctNzZkOTMvdXMtY2VudHJhbDEvdHJhbnNtaXRPcmRlclRvQWRtaW4vdVNEWDV6ZnBzY0U  
 
[debug] [2019-07-21T15:40:29.385Z] >>> HTTP REQUEST GET https://cloudfunctions.googleapis.com/v1/operations/ZXhwbGVhcm5pbmctNzZkOTMvdXMtY2VudHJhbDEvdHJhbnNtaXRXZWJwYWdlVXJsc1RvUHVwcGV0ZWVyL2p0c3g1Ni1PQU5n  
 
[debug] [2019-07-21T15:40:29.395Z] >>> HTTP REQUEST GET https://cloudfunctions.googleapis.com/v1/operations/ZXhwbGVhcm5pbmctNzZkOTMvdXMtY2VudHJhbDEvdHJhbnNtaXRDb250YWN0Rm9ybVRvQWRtaW4vWXhDOVdrVzRkX3M  
 
[debug] [2019-07-21T15:40:29.409Z] >>> HTTP REQUEST GET https://cloudfunctions.googleapis.com/v1/operations/ZXhwbGVhcm5pbmctNzZkOTMvdXMtY2VudHJhbDEvc3RyaXBlQXR0YWNoU291cmNlLzZUU2h0RlgtTzRv  
 
[debug] [2019-07-21T15:40:29.413Z] >>> HTTP REQUEST GET https://cloudfunctions.googleapis.com/v1/operations/ZXhwbGVhcm5pbmctNzZkOTMvdXMtY2VudHJhbDEvcHVwcGV0ZWVyU2VydmVyL1YzZ1FLUF9zMkZ3  
 
[debug] [2019-07-21T15:40:29.415Z] >>> HTTP REQUEST GET https://cloudfunctions.googleapis.com/v1/operations/ZXhwbGVhcm5pbmctNzZkOTMvdXMtY2VudHJhbDEvdHJhbnNtaXRFbWFpbFN1YlRvQWRtaW4vS0tXck1RTFpuc0E  
 
[debug] [2019-07-21T15:40:29.416Z] >>> HTTP REQUEST GET https://cloudfunctions.googleapis.com/v1/operations/ZXhwbGVhcm5pbmctNzZkOTMvdXMtY2VudHJhbDEvdXBkYXRlV2VicGFnZUNhY2hlLy1TVVVTQjhHMXE4  
 
[debug] [2019-07-21T15:40:29.616Z] <<< HTTP RESPONSE 200
[debug] [2019-07-21T15:40:29.724Z] <<< HTTP RESPONSE 200
[debug] [2019-07-21T15:40:29.726Z] <<< HTTP RESPONSE 200
[debug] [2019-07-21T15:40:29.728Z] <<< HTTP RESPONSE 200
[debug] [2019-07-21T15:40:29.729Z] <<< HTTP RESPONSE 200
[debug] [2019-07-21T15:40:29.731Z] <<< HTTP RESPONSE 200
[debug] [2019-07-21T15:40:29.732Z] <<< HTTP RESPONSE 200
[debug] [2019-07-21T15:40:29.733Z] <<< HTTP RESPONSE 200
[debug] [2019-07-21T15:40:31.619Z] >>> HTTP REQUEST GET https://cloudfunctions.googleapis.com/v1/operations/ZXhwbGVhcm5pbmctNzZkOTMvdXMtY2VudHJhbDEvc3RyaXBlUHJvY2Vzc0NoYXJnZS9BYWtnc2ZqQWdjRQ  
 
[debug] [2019-07-21T15:40:31.725Z] >>> HTTP REQUEST GET https://cloudfunctions.googleapis.com/v1/operations/ZXhwbGVhcm5pbmctNzZkOTMvdXMtY2VudHJhbDEvdHJhbnNtaXRXZWJwYWdlVXJsc1RvUHVwcGV0ZWVyL2p0c3g1Ni1PQU5n  
 
[debug] [2019-07-21T15:40:31.728Z] >>> HTTP REQUEST GET https://cloudfunctions.googleapis.com/v1/operations/ZXhwbGVhcm5pbmctNzZkOTMvdXMtY2VudHJhbDEvdHJhbnNtaXRPcmRlclRvQWRtaW4vdVNEWDV6ZnBzY0U  
 
[debug] [2019-07-21T15:40:31.730Z] >>> HTTP REQUEST GET https://cloudfunctions.googleapis.com/v1/operations/ZXhwbGVhcm5pbmctNzZkOTMvdXMtY2VudHJhbDEvdHJhbnNtaXRDb250YWN0Rm9ybVRvQWRtaW4vWXhDOVdrVzRkX3M  
 
[debug] [2019-07-21T15:40:31.730Z] >>> HTTP REQUEST GET https://cloudfunctions.googleapis.com/v1/operations/ZXhwbGVhcm5pbmctNzZkOTMvdXMtY2VudHJhbDEvcHVwcGV0ZWVyU2VydmVyL1YzZ1FLUF9zMkZ3  
 
[debug] [2019-07-21T15:40:31.732Z] >>> HTTP REQUEST GET https://cloudfunctions.googleapis.com/v1/operations/ZXhwbGVhcm5pbmctNzZkOTMvdXMtY2VudHJhbDEvc3RyaXBlQXR0YWNoU291cmNlLzZUU2h0RlgtTzRv  
 
[debug] [2019-07-21T15:40:31.732Z] >>> HTTP REQUEST GET https://cloudfunctions.googleapis.com/v1/operations/ZXhwbGVhcm5pbmctNzZkOTMvdXMtY2VudHJhbDEvdHJhbnNtaXRFbWFpbFN1YlRvQWRtaW4vS0tXck1RTFpuc0E  
 
[debug] [2019-07-21T15:40:31.734Z] >>> HTTP REQUEST GET https://cloudfunctions.googleapis.com/v1/operations/ZXhwbGVhcm5pbmctNzZkOTMvdXMtY2VudHJhbDEvdXBkYXRlV2VicGFnZUNhY2hlLy1TVVVTQjhHMXE4  
 
[debug] [2019-07-21T15:40:31.902Z] <<< HTTP RESPONSE 200
[debug] [2019-07-21T15:40:32.242Z] <<< HTTP RESPONSE 200
[debug] [2019-07-21T15:40:32.247Z] <<< HTTP RESPONSE 200
[debug] [2019-07-21T15:40:32.248Z] <<< HTTP RESPONSE 200
[debug] [2019-07-21T15:40:32.249Z] <<< HTTP RESPONSE 200
[debug] [2019-07-21T15:40:32.251Z] <<< HTTP RESPONSE 200
[debug] [2019-07-21T15:40:32.252Z] <<< HTTP RESPONSE 200
[debug] [2019-07-21T15:40:32.254Z] <<< HTTP RESPONSE 200
